{
  "RSpec": {
    "coverage": {
      "/home/vladislav/Ruby/Valera/lib/actions.rb": {
        "lines": [
          1,
          null,
          1,
          1,
          2,
          2,
          2,
          2,
          2,
          null,
          null,
          1,
          2,
          2,
          2,
          2,
          null,
          null,
          1,
          2,
          2,
          2,
          2,
          null,
          null,
          1,
          2,
          2,
          2,
          2,
          null,
          null,
          1,
          2,
          2,
          2,
          2,
          null,
          null,
          1,
          2,
          2,
          2,
          2,
          null,
          null,
          1,
          2,
          2,
          2,
          2,
          2,
          null,
          null
        ]
      },
      "/home/vladislav/Ruby/Valera/lib/valera.rb": {
        "lines": [
          1,
          1,
          null,
          1,
          null,
          15,
          null,
          null,
          null,
          null,
          null,
          null,
          1,
          14,
          14,
          null,
          10,
          10,
          null,
          4,
          null,
          null,
          1,
          14,
          14,
          14,
          null,
          null,
          1,
          14,
          null,
          null,
          1,
          12,
          null,
          null,
          1,
          12,
          null,
          null,
          1,
          11,
          null,
          null
        ]
      },
      "/home/vladislav/Ruby/Valera/lib/game.rb": {
        "lines": [
          1,
          1,
          1,
          null,
          1,
          1,
          null,
          null,
          2,
          1,
          1,
          1,
          1,
          1,
          1,
          1,
          1,
          0,
          null,
          null,
          1,
          14,
          null,
          null,
          1,
          1,
          null,
          null,
          1,
          10,
          null,
          9,
          null,
          null,
          1,
          9,
          9,
          9,
          9,
          9,
          null,
          9,
          null,
          null
        ]
      },
      "/home/vladislav/Ruby/Valera/lib/saver.rb": {
        "lines": [
          1,
          null,
          1,
          1,
          2,
          2,
          2,
          null,
          null,
          1,
          2,
          2,
          null,
          null,
          1,
          4,
          null,
          4,
          4,
          4,
          4,
          null,
          0,
          null,
          null,
          4,
          null,
          2,
          2,
          null,
          2,
          null,
          null,
          null
        ]
      },
      "/home/vladislav/Ruby/Valera/lib/reader.rb": {
        "lines": [
          1,
          1,
          4,
          4,
          null,
          2,
          null,
          null
        ]
      }
    },
    "timestamp": 1638814988
  }
}
